 
****************************************
Report : area
Design : Cubic_engine
Version: W-2024.09-SP2
Date   : Sat Aug 23 22:27:25 2025
****************************************

Library(s) Used:

    slow (File: /cad/CBDK/CBDK_IC_Contest_v2.5/SynopsysDC/db/slow.db)

Number of ports:                           45
Number of nets:                          1655
Number of cells:                         1326
Number of combinational cells:           1184
Number of sequential cells:               142
Number of macros/black boxes:               0
Number of buf/inv:                        169
Number of references:                      46

Combinational area:              17810.818189
Buf/Inv area:                      880.950587
Noncombinational area:            3428.748074
Macro/Black Box area:                0.000000
Net Interconnect area:          174300.867340

Total cell area:                 21239.566262
Total area:                     195540.433602
1
