
################################################################################
#
# This file has been generated by SpyGlass:
#     Report Name      : moresimple
#     Report Created by: patata0717
#     Report Created on:  Sat Aug 23 22:23:18 2025
#     Working Directory: /home/patata0717/ic_contest/IC_contest/ASIC_flow/B_ICC2024_preliminary_grad_cell-based/ver5/hdl
#     SpyGlass Version : SpyGlass_vW-2024.09-SP2
#     Policy Name      : SpyGlass(SpyGlass_vW-2024.09-SP2)
#                        clock-reset(SpyGlass_vW-2024.09-SP2)
#                        erc(SpyGlass_vW-2024.09-SP2)
#                        latch(SpyGlass_vW-2024.09-SP2)
#                        lint(SpyGlass_vW-2024.09-SP2)
#                        morelint(SpyGlass_vW-2024.09-SP2)
#                        openmore(SpyGlass_vW-2024.09-SP2)
#                        power_est(SpyGlass_vW-2024.09-SP2)
#                        simulation(SpyGlass_vW-2024.09-SP2)
#                        starc(SpyGlass_vW-2024.09-SP2)
#                        starc2005(SpyGlass_vW-2024.09-SP2)
#
#     Total Number of Generated Messages :         21
#     Number of Waived Messages          :          0
#     Number of Reported Messages        :         21
#     Number of Overlimit Messages       :          0
#
#
################################################################################

+++++++++++++++++++++++++++++++++++++++++++++++++++++++++++++++++++++++
MORESIMPLE REPORT:


############### BuiltIn -> RuleGroup=Design Read ###############
+++++++++++++++++++++++++++++++++++++++++++++++++++++++++++++++++++++++++++++++++++++++
ID       Rule                    Alias                   Severity    File                                                                     Line    Wt      Message
======================================================================================
[11]     DetectTopDesignUnits    DetectTopDesignUnits    Info        Cubic_engine.v                                                           3       2       Module Cubic_engine is a top level design unit
[0]      WRN_1024                WRN_1024                Warning     Cubic_engine.v                                                           46      1000    signed argument 'C_col0_ROM[0]' passed to $signed system function call
[1]      WRN_1024                WRN_1024                Warning     Cubic_engine.v                                                           47      1000    signed argument 'C_col0_ROM[1]' passed to $signed system function call
[2]      WRN_1024                WRN_1024                Warning     Cubic_engine.v                                                           48      1000    signed argument 'C_col0_ROM[2]' passed to $signed system function call
[3]      WRN_1024                WRN_1024                Warning     Cubic_engine.v                                                           49      1000    signed argument 'C_col0_ROM[3]' passed to $signed system function call
[4]      WRN_1024                WRN_1024                Warning     Cubic_engine.v                                                           55      1000    signed argument 'C_col1_ROM[0]' passed to $signed system function call
[5]      WRN_1024                WRN_1024                Warning     Cubic_engine.v                                                           56      1000    signed argument 'C_col1_ROM[1]' passed to $signed system function call
[6]      WRN_1024                WRN_1024                Warning     Cubic_engine.v                                                           57      1000    signed argument 'C_col1_ROM[2]' passed to $signed system function call
[7]      WRN_1024                WRN_1024                Warning     Cubic_engine.v                                                           58      1000    signed argument 'C_col1_ROM[3]' passed to $signed system function call
[8]      WRN_1024                WRN_1024                Warning     Cubic_engine.v                                                           64      1000    signed argument 'C_col2_ROM[0]' passed to $signed system function call
[9]      WRN_1024                WRN_1024                Warning     Cubic_engine.v                                                           65      1000    signed argument 'C_col2_ROM[1]' passed to $signed system function call
[A]      WRN_1024                WRN_1024                Warning     Cubic_engine.v                                                           66      1000    signed argument 'C_col2_ROM[2]' passed to $signed system function call
[B]      WRN_1024                WRN_1024                Warning     Cubic_engine.v                                                           67      1000    signed argument 'C_col2_ROM[3]' passed to $signed system function call
[C]      WRN_1024                WRN_1024                Warning     Cubic_engine.v                                                           73      1000    signed argument 'C_col3_ROM[0]' passed to $signed system function call
[D]      WRN_1024                WRN_1024                Warning     Cubic_engine.v                                                           74      1000    signed argument 'C_col3_ROM[1]' passed to $signed system function call
[E]      WRN_1024                WRN_1024                Warning     Cubic_engine.v                                                           75      1000    signed argument 'C_col3_ROM[2]' passed to $signed system function call
[F]      WRN_1024                WRN_1024                Warning     Cubic_engine.v                                                           76      1000    signed argument 'C_col3_ROM[3]' passed to $signed system function call
[10]     ElabSummary             ElabSummary             Info        ./spyglass-1/lint/lint_rtl/spyglass_reports/SpyGlass/elab_summary.rpt    0       2       Please refer file './spyglass-1/lint/lint_rtl/spyglass_reports/SpyGlass/elab_summary.rpt' for elab summary report
+++++++++++++++++++++++++++++++++++++++++++++++++++++++++++++++++++++++++++++++++++++++


############### Non-BuiltIn -> Goal=lint/lint_rtl ###############
+++++++++++++++++++++++++++++++++++++++++++++++++++++++++++++++++++++++++++++++++++++++
ID       Rule          Alias                 Severity    File              Line    Wt    Message
======================================================================================
[19]     InferLatch    (OpenMORE 5.5.2.1)    Error       Cubic_engine.v    88      5     Latch inferred for signal 'adder1[23:0]' in module 'Cubic_engine'
[13]     W71                                 Error       Cubic_engine.v    43      5     Case statement does not have a default clause and is not preceded by assignment of target signal in combinational block[Hierarchy: ':Cubic_engine']
[12]     W486                                Warning     Cubic_engine.v    32      10    Rhs width '24' with shift (Expr: '((adder1 + adder1[8]) >> 9)') is more than lhs width '13' (Expr: 'XCP_round'), this may cause overflow [Hierarchy: ':Cubic_engine']
+++++++++++++++++++++++++++++++++++++++++++++++++++++++++++++++++++++++++++++++++++++++
