
################################################################################
#
# This file has been generated by SpyGlass:
#     Report Name      : moresimple_turbo
#     Report Created by: patata0717
#     Report Created on: Fri Aug 22 16:40:05 2025
#     Working Directory: /home/patata0717/ic_contest/IC_contest/ASIC_flow/B_ICC2024_preliminary_grad_cell-based/ver4/hdl
#     SpyGlass Version : SpyGlass_vW-2024.09-SP2
#     Policy Name      : SpyGlass(SpyGlass_vW-2024.09-SP2)
#                        clock-reset(SpyGlass_vW-2024.09-SP2)
#                        erc(SpyGlass_vW-2024.09-SP2)
#                        latch(SpyGlass_vW-2024.09-SP2)
#                        lint(SpyGlass_vW-2024.09-SP2)
#                        morelint(SpyGlass_vW-2024.09-SP2)
#                        openmore(SpyGlass_vW-2024.09-SP2)
#                        power_est(SpyGlass_vW-2024.09-SP2)
#                        simulation(SpyGlass_vW-2024.09-SP2)
#                        starc(SpyGlass_vW-2024.09-SP2)
#                        starc2005(SpyGlass_vW-2024.09-SP2)
#
#     Total Number of Generated Primary Messages   :         20
#     Total Number of Generated Secondary Messages :          3
#     Number of Waived Primary Messages            :          0
#     Number of Waived Secondary Messages          :          0
#     Number of Reported Primary Messages          :         20
#     Number of Reported Secondary Messages        :          3
#     Number of Overlimit Messages                 :          0
#
#
################################################################################

++++++++++++++++++++++++++++++++++++++++++++++++++++++++++++++++++++++++++++++++++++++++++++++++++++++++++++++++
MORESIMPLE_TURBO REPORT:


############### BuiltIn -> RuleGroup=Blackbox Resolution ###############
++++++++++++++++++++++++++++++++++++++++++++++++++++++++++++++++++++++++++++++++++++++++++++++++++++++++++++++++++++++++
ID       ParentID   Rule                Alias               Severity    File         Line    Wt    Message
========================================================================================================================
[1E]     N.A        ErrorAnalyzeBBox    ErrorAnalyzeBBox    Error       Bicubic.v    117     10    Design Unit 'ImgROM' has no definition; black-box behavior assumed and module interface inferred
[1F]     N.A        ErrorAnalyzeBBox    ErrorAnalyzeBBox    Error       Bicubic.v    127     10    Design Unit 'ResultSRAM' has no definition; black-box behavior assumed and module interface inferred
+++++++++++++++++++++++++++++++++++++++++++++++++++++++++++++++++++++++++++++++++++++++++++++++++++++++++++++++++++++++


############### BuiltIn -> RuleGroup=Design Read ###############
++++++++++++++++++++++++++++++++++++++++++++++++++++++++++++++++++++++++++++++++++++++++++++++++++++++++++++++++++++++++
ID       ParentID   Rule                    Alias                   Severity    File                                                                           Line    Wt    Message
========================================================================================================================
[2]      N.A        DetectTopDesignUnits    DetectTopDesignUnits    Info        Bicubic.v                                                                      29      2     Module Bicubic is a top level design unit
[1]      N.A        ElabSummary             ElabSummary             Info        ./spyglass-1/lint/lint_turbo_rtl/spyglass_reports/SpyGlass/elab_summary.rpt    0       2     Please refer file './spyglass-1/lint/lint_turbo_rtl/spyglass_reports/SpyGlass/elab_summary.rpt' for elab summary report
[C]      N.A        InferBlackBox           inferblackbox           Info        N.A.                                                                           0       10    Interfaces for blackbox modules have been inferred. Please refer to AnalyzeBBox violations for more details
[0]      N.A        TurboModeStatus         TurboModeStatus         Info        N.A.                                                                           0       10    Turbo-Mode is enabled in the current run as turbo_struct license feature successfully checked out
+++++++++++++++++++++++++++++++++++++++++++++++++++++++++++++++++++++++++++++++++++++++++++++++++++++++++++++++++++++++


############### Non-BuiltIn -> Goal=lint/lint_turbo_rtl ###############
++++++++++++++++++++++++++++++++++++++++++++++++++++++++++++++++++++++++++++++++++++++++++++++++++++++++++++++++++++++++
ID       ParentID   Rule                 Alias                 Severity    File                                                                            Line    Wt    Message
========================================================================================================================
[14]     N.A        InferLatch           (OpenMORE 5.5.2.1)    Error       Bicubic.v                                                                       355     5     Latch inferred for signal 'mode_next' in module 'Bicubic'
[18]     N.A        InferLatch           (OpenMORE 5.5.2.1)    Error       Cubic_engine.v                                                                  84      5     '3' latch(es) inferred for signal 'X[2][0]' in module 'Cubic_engine'
[15]     [18]       InferLatch           (OpenMORE 5.5.2.1)    Error       Cubic_engine.v                                                                  82      5     Latch inferred for signal 'X[0][7:0]' in module 'Cubic_engine'
[16]     [18]       InferLatch           (OpenMORE 5.5.2.1)    Error       Cubic_engine.v                                                                  83      5     Latch inferred for signal 'X[1][7:0]' in module 'Cubic_engine'
[17]     [18]       InferLatch           (OpenMORE 5.5.2.1)    Error       Cubic_engine.v                                                                  84      5     Latch inferred for signal 'X[2][7:0]' in module 'Cubic_engine'
[19]     N.A        UndrivenInTerm-ML                          Error       Bicubic.v                                                                       939     10    Detected undriven input terminal Bicubic.next_rem_h_next[6:0]
[3]      N.A        W123                                       Error       ./spyglass-1/lint/lint_turbo_rtl/spyglass_reports/lint/SignalUsageReport.rpt    0       10    Please refer to 'SignalUsageReport.rpt' for details of violating bits
[4]      N.A        W123                                       Error       Bicubic.v                                                                       939     10    Variable 'next_rem_h_next[6:0]' read but never set.[Hierarchy: ':Bicubic']
[1B]     N.A        W415                                       Error       Cubic_engine.v                                                                  82      10    Signal 'Bicubic.cubic_engine.X[0][7:0]' has multiple simultaneous drivers
[1C]     N.A        W415                                       Error       Cubic_engine.v                                                                  83      10    Signal 'Bicubic.cubic_engine.X[1][7:0]' has multiple simultaneous drivers
[1D]     N.A        W415                                       Error       Cubic_engine.v                                                                  84      10    Signal 'Bicubic.cubic_engine.X[2][7:0]' has multiple simultaneous drivers
[8]      N.A        NoAssignX-ML                               Warning     Bicubic.v                                                                       84      5     RHS of the assignment contains 'X'(Reason : Initialization with 'x' in net declaration)
[A]      N.A        NoAssignX-ML                               Warning     Bicubic.v                                                                       146     5     RHS of the assignment contains 'X'(Reason : Assigned with 'x' in assignment)
[B]      N.A        W362                                       Warning     Bicubic.v                                                                       255     10    For operator (==), left expression: "coord_h" width 7 should match right expression: "TW" width 6 [Hierarchy: ':Bicubic']
[6]      N.A        W528                                       Warning     Bicubic.v                                                                       913     10    Variable 'next_rem_h[6:0]' set but not read.[Hierarchy: ':Bicubic']
[20]     N.A        W415                                       Info        ./spyglass-1/lint/lint_turbo_rtl/spyglass_reports/lint/W415_Report.rpt          0       10    Please refer 'W415_Report.rpt' for driver details
[5]      N.A        W528                                       Info        ./spyglass-1/lint/lint_turbo_rtl/spyglass_reports/lint/SignalUsageReport.rpt    0       10    Please refer to 'SignalUsageReport.rpt' for details of violating bits
+++++++++++++++++++++++++++++++++++++++++++++++++++++++++++++++++++++++++++++++++++++++++++++++++++++++++++++++++++++++
