#######################################################################################
# log primitive debug message of FSDB dumping                                         #
# This is for R&D to analyze when there are issues happening when FSDB dump           #
#######################################################################################
ANF: vcsd_get_serial_mode_status('simv: undefined symbol: vcsd_get_serial_mode_status')
ANF: vcsd_enable_sva_success_callback('simv: undefined symbol: vcsd_enable_sva_success_callback')
ANF: vcsd_disable_sva_success_callback('simv: undefined symbol: vcsd_disable_sva_success_callback')
ANF: vcsd_get_power_scope_name('simv: undefined symbol: vcsd_get_power_scope_name')
ANF: vcsd_dump_var_vpdg('simv: undefined symbol: vcsd_dump_var_vpdg')
ANF: vcsd_begin_no_value_var_info('simv: undefined symbol: vcsd_begin_no_value_var_info')
ANF: vcsd_end_no_value_var_info('simv: undefined symbol: vcsd_end_no_value_var_info')
ANF: vcsd_remove_xprop_merge_mode_callback('simv: undefined symbol: vcsd_remove_xprop_merge_mode_callback')
ANF: vhpi_get_cb_info('simv: undefined symbol: vhpi_get_cb_info')
ANF: vhpi_free_handle('simv: undefined symbol: vhpi_free_handle')
ANF: vhpi_fetch_vcsd_handle('simv: undefined symbol: vhpi_fetch_vcsd_handle')
ANF: vhpi_fetch_vpi_handle('simv: undefined symbol: vhpi_fetch_vpi_handle')
ANF: vhpi_has_verilog_parent('simv: undefined symbol: vhpi_has_verilog_parent')
ANF: vhpi_is_verilog_scope('simv: undefined symbol: vhpi_is_verilog_scope')
ANF: scsd_xprop_is_enabled('simv: undefined symbol: scsd_xprop_is_enabled')
ANF: scsd_xprop_sig_is_promoted('simv: undefined symbol: scsd_xprop_sig_is_promoted')
ANF: scsd_xprop_int_xvalue('simv: undefined symbol: scsd_xprop_int_xvalue')
ANF: scsd_xprop_bool_xvalue('simv: undefined symbol: scsd_xprop_bool_xvalue')
ANF: scsd_xprop_enum_xvalue('simv: undefined symbol: scsd_xprop_enum_xvalue')
ANF: scsd_xprop_register_merge_mode_cb('simv: undefined symbol: scsd_xprop_register_merge_mode_cb')
ANF: scsd_xprop_delete_merge_mode_cb('simv: undefined symbol: scsd_xprop_delete_merge_mode_cb')
ANF: scsd_xprop_get_merge_mode('simv: undefined symbol: scsd_xprop_get_merge_mode')
ANF: scsd_thread_get_info('simv: undefined symbol: scsd_thread_get_info')
ANF: scsd_thread_vc_init('simv: undefined symbol: scsd_thread_vc_init')
ANF: scsd_master_set_delta_sync_cbk('simv: undefined symbol: scsd_master_set_delta_sync_cbk')
ANF: scsd_fgp_get_fsdb_cores('simv: undefined symbol: scsd_fgp_get_fsdb_cores')
ANF: scsd_fgp_get_is_cpu_affinity_disabled('simv: undefined symbol: scsd_fgp_get_is_cpu_affinity_disabled')
ANF: vhdi_dt_get_type('simv: undefined symbol: vhdi_dt_get_type')
ANF: vhdi_dt_get_key('simv: undefined symbol: vhdi_dt_get_key')
ANF: vhdi_dt_get_vhdl_enum_info('simv: undefined symbol: vhdi_dt_get_vhdl_enum_info')
ANF: vhdi_dt_get_vhdl_physical_info('simv: undefined symbol: vhdi_dt_get_vhdl_physical_info')
ANF: vhdi_dt_get_vhdl_array_info('simv: undefined symbol: vhdi_dt_get_vhdl_array_info')
ANF: vhdi_dt_get_vhdl_record_info('simv: undefined symbol: vhdi_dt_get_vhdl_record_info')
ANF: vhdi_dt_get_vhdl_integer_range_info('simv: undefined symbol: vhdi_dt_get_vhdl_integer_range_info')
ANF: vhdi_def_traverse_module('simv: undefined symbol: vhdi_def_traverse_module')
ANF: vhdi_def_traverse_scope('simv: undefined symbol: vhdi_def_traverse_scope')
ANF: vhdi_def_traverse_variable('simv: undefined symbol: vhdi_def_traverse_variable')
ANF: vhdi_def_get_module_id_by_vhpi('simv: undefined symbol: vhdi_def_get_module_id_by_vhpi')
ANF: vhdi_def_get_handle_by_module_id('simv: undefined symbol: vhdi_def_get_handle_by_module_id')
ANF: vhdi_def_get_variable_info_by_vhpi('simv: undefined symbol: vhdi_def_get_variable_info_by_vhpi')
ANF: vhdi_def_free('simv: undefined symbol: vhdi_def_free')
ANF: vhdi_ist_traverse_scope('simv: undefined symbol: vhdi_ist_traverse_scope')
ANF: vhdi_ist_traverse_variable('simv: undefined symbol: vhdi_ist_traverse_variable')
ANF: vhdi_ist_convert_by_vhpi('simv: undefined symbol: vhdi_ist_convert_by_vhpi')
ANF: vhdi_ist_clone('simv: undefined symbol: vhdi_ist_clone')
ANF: vhdi_ist_free('simv: undefined symbol: vhdi_ist_free')
ANF: vhdi_ist_hash_key('simv: undefined symbol: vhdi_ist_hash_key')
ANF: vhdi_ist_compare('simv: undefined symbol: vhdi_ist_compare')
ANF: vhdi_ist_get_value_addr('simv: undefined symbol: vhdi_ist_get_value_addr')
ANF: vhdi_set_scsd_callback('simv: undefined symbol: vhdi_set_scsd_callback')
ANF: vhdi_cbk_set_force_callback('simv: undefined symbol: vhdi_cbk_set_force_callback')
ANF: vhdi_trigger_init_force('simv: undefined symbol: vhdi_trigger_init_force')
ANF: vhdi_ist_check_scsd_callback('simv: undefined symbol: vhdi_ist_check_scsd_callback')
ANF: vhdi_ist_add_scsd_callback('simv: undefined symbol: vhdi_ist_add_scsd_callback')
ANF: vhdi_ist_remove_scsd_callback('simv: undefined symbol: vhdi_ist_remove_scsd_callback')
ANF: vhdi_ist_get_scsd_user_data('simv: undefined symbol: vhdi_ist_get_scsd_user_data')
ANF: vhdi_add_time_change_callback('simv: undefined symbol: vhdi_add_time_change_callback')
ANF: vhdi_get_real_value_by_value_addr('simv: undefined symbol: vhdi_get_real_value_by_value_addr')
ANF: vhdi_get_64_value_by_value_addr('simv: undefined symbol: vhdi_get_64_value_by_value_addr')
ANF: vhdi_xprop_inst_is_promoted('simv: undefined symbol: vhdi_xprop_inst_is_promoted')
ANF: vdi_ist_convert_by_vhdi('simv: undefined symbol: vdi_ist_convert_by_vhdi')
ANF: vhdi_ist_get_module_id('simv: undefined symbol: vhdi_ist_get_module_id')
ANF: vhdi_refine_foreign_scope_type('simv: undefined symbol: vhdi_refine_foreign_scope_type')
ANF: vhdi_flush_callback('simv: undefined symbol: vhdi_flush_callback')
ANF: vhdi_set_orig_name('simv: undefined symbol: vhdi_set_orig_name')
ANF: vhdi_set_dump_pt('simv: undefined symbol: vhdi_set_dump_pt')
ANF: vhdi_set_int_subtype('simv: undefined symbol: vhdi_set_int_subtype')
ANF: vhdi_set_fixed_point('simv: undefined symbol: vhdi_set_fixed_point')
ANF: vhdi_get_fsdb_option('simv: undefined symbol: vhdi_get_fsdb_option')
ANF: vhdi_fgp_get_mode('simv: undefined symbol: vhdi_fgp_get_mode')
ANF: vhdi_node_register_composite_var('simv: undefined symbol: vhdi_node_register_composite_var')
ANF: vhdi_node_analysis('simv: undefined symbol: vhdi_node_analysis')
ANF: vhdi_node_id('simv: undefined symbol: vhdi_node_id')
ANF: vhdi_node_ist_check_scsd_callback('simv: undefined symbol: vhdi_node_ist_check_scsd_callback')
ANF: vhdi_node_ist_add_scsd_callback('simv: undefined symbol: vhdi_node_ist_add_scsd_callback')
ANF: vhdi_node_ist_get_value_addr('simv: undefined symbol: vhdi_node_ist_get_value_addr')
ANF: vhdi_enc_def_traverse_module('simv: undefined symbol: vhdi_enc_def_traverse_module')
ANF: vhdi_enc_def_traverse_scope('simv: undefined symbol: vhdi_enc_def_traverse_scope')
ANF: vhdi_enc_def_traverse_variable('simv: undefined symbol: vhdi_enc_def_traverse_variable')
ANF: vhdi_enc_ist_traverse_scope('simv: undefined symbol: vhdi_enc_ist_traverse_scope')
ANF: vhdi_enc_ist_traverse_variable('simv: undefined symbol: vhdi_enc_ist_traverse_variable')
ANF: vhdi_enc_ist_get_module_id('simv: undefined symbol: vhdi_enc_ist_get_module_id')
ANF: vhdi_enc_def_get_handle_by_module_id('simv: undefined symbol: vhdi_enc_def_get_handle_by_module_id')
VCS compile option:
 option[0]: simv
 option[1]: +v2k
 option[2]: /usr/cad/synopsys/vcs/2024.09-sp2/linux64/bin/vcs1
 option[3]: -Mcc=gcc
 option[4]: -Mcplusplus=g++
 option[5]: -Masflags=
 option[6]: -Mcfl= -pipe -fPIC -O -I/usr/cad/synopsys/vcs/2024.09-sp2/include 
 option[7]: -Mxllcflags=
 option[8]: -Mxcflags= -pipe -fPIC -I/usr/cad/synopsys/vcs/2024.09-sp2/include
 option[9]: -Mldflags= -rdynamic 
 option[10]: -Mout=simv
 option[11]: -Mamsrun=
 option[12]: -Mvcsaceobjs=
 option[13]: -Mobjects= /usr/cad/synopsys/vcs/2024.09-sp2/linux64/lib/libvirsim.so /usr/cad/synopsys/vcs/2024.09-sp2/linux64/lib/liberrorinf.so /usr/cad/synopsys/vcs/2024.09-sp2/linux64/lib/libsnpsmalloc.so /usr/cad/synopsys/vcs/2024.09-sp2/linux64/lib/libvfs.so 
 option[14]: -Mexternalobj=
 option[15]: -Msaverestoreobj=/usr/cad/synopsys/vcs/2024.09-sp2/linux64/lib/vcs_save_restore_new.o
 option[16]: -Mcrt0=
 option[17]: -Mcrtn=
 option[18]: -Mcsrc=
 option[19]: -Msyslibs=/usr/cad/synopsys/verdi/2024.09-sp2/share/PLI/VCS/LINUX64/pli.a -ldl 
 option[20]: -Xvcs_run_simv=1
 option[21]: -full64
 option[22]: -debug_access+all
 option[23]: +vpi
 option[24]: +vcsd1
 option[25]: +itf+/usr/cad/synopsys/vcs/2024.09-sp2/linux64/lib/vcsdp_lite.tab
 option[26]: +v2k
 option[27]: -picarchive
 option[28]: -P
 option[29]: /usr/cad/synopsys/verdi/2024.09-sp2/share/PLI/VCS/LINUX64/verdi.tab
 option[30]: -fsdb
 option[31]: -gen_obj
 option[32]: -Xfile_begin_f=hdl.f
 option[33]: ./test_Bicubic.v
 option[34]: ../hdl/Bicubic.v
 option[35]: -Xfile_end
 option[36]: -load
 option[37]: /usr/cad/synopsys/verdi/2024.09-sp2/share/PLI/VCS/LINUX64/libnovas.so:FSDBDumpCmd
Chronologic Simulation VCS Release W-2024.09-SP2_Full64
Linux 3.10.0-1160.el7.x86_64 #1 SMP Mon Oct 19 16:18:59 UTC 2020 x86_64
CPU cores: 20
Limit information:
======================================
cputime		unlimited
filesize		unlimited
datasize		unlimited
stacksize		8192 kbytes
coredumpsize		0 kbytes
memoryuse		unlimited
vmemoryuse		unlimited
descriptors		1024
memorylocked		64 kbytes
maxproc		4096
======================================
(Special)Runtime environment variables:

Runtime environment variables:
REMOTEHOST=140.116.226.70
MANPATH=/usr/cad/synopsys/synthesis/2024.09-sp2/doc/syn/man:/usr/cad/synopsys/lc/2024.09-sp2/doc/lc/man:/usr/cad/synopsys/vcs/2024.09-sp2/doc/man
SYNOPSYS_LC_ROOT=/usr/cad/synopsys/lc/cur
SNPS_VCS_INTERNAL_MAKE_OPT=
XDG_SESSION_ID=17343
SALT_LICENSE_SERVER=1717@lshc
HOSTNAME=vlsilab.es.ncku.edu.tw
XLOCALEDIR=/usr/cad/synopsys/icc2/2024.09-sp2//etc/locale
UNAME=/bin/uname
SELINUX_ROLE_REQUESTED=
SNPS_VCS_PYTHON3=/usr/cad/synopsys/vcs/2024.09-sp2/linux64/bin/Python3/bin/python3
SCRNAME=vcs
VCS_DEPTH=0
TERM=xterm
SHELL=/bin/bash
HOST=vlsilab.es.ncku.edu.tw
HISTSIZE=1000
SSH_CLIENT=140.116.226.70 52000 22
SELINUX_USE_CURRENT_RANGE=
CALIBRE_2025_1_ENABLE_DEPRECATED_RHEL7=3
VCS_PYTHON3=/usr/cad/synopsys/vcs/2024.09-sp2/linux64/bin/Python3/bin/python3
QTDIR=/usr/lib64/qt-3.3
MGC_LOCATION_MAP=NO_MAP
QTINC=/usr/lib64/qt-3.3/include
SSH_TTY=/dev/pts/2
LC_ALL=C
SNPS_VCS_INTERNAL_ROOT_PID=26804
QT_GRAPHICSSYSTEM_CHECKED=1
USER=patata0717
GROUP=patata0717
LS_COLORS=rs=0:di=01;34:ln=01;36:mh=00:pi=40;33:so=01;35:do=01;35:bd=40;33;01:cd=40;33;01:or=40;31;01:mi=01;05;37;41:su=37;41:sg=30;43:ca=30;41:tw=30;42:ow=34;42:st=37;44:ex=01;32:*.tar=01;31:*.tgz=01;31:*.arc=01;31:*.arj=01;31:*.taz=01;31:*.lha=01;31:*.lz4=01;31:*.lzh=01;31:*.lzma=01;31:*.tlz=01;31:*.txz=01;31:*.tzo=01;31:*.t7z=01;31:*.zip=01;31:*.z=01;31:*.Z=01;31:*.dz=01;31:*.gz=01;31:*.lrz=01;31:*.lz=01;31:*.lzo=01;31:*.xz=01;31:*.bz2=01;31:*.bz=01;31:*.tbz=01;31:*.tbz2=01;31:*.tz=01;31:*.deb=01;31:*.rpm=01;31:*.jar=01;31:*.war=01;31:*.ear=01;31:*.sar=01;31:*.rar=01;31:*.alz=01;31:*.ace=01;31:*.zoo=01;31:*.cpio=01;31:*.7z=01;31:*.rz=01;31:*.cab=01;31:*.jpg=01;35:*.jpeg=01;35:*.gif=01;35:*.bmp=01;35:*.pbm=01;35:*.pgm=01;35:*.ppm=01;35:*.tga=01;35:*.xbm=01;35:*.xpm=01;35:*.tif=01;35:*.tiff=01;35:*.png=01;35:*.svg=01;35:*.svgz=01;35:*.mng=01;35:*.pcx=01;35:*.mov=01;35:*.mpg=01;35:*.mpeg=01;35:*.m2v=01;35:*.mkv=01;35:*.webm=01;35:*.ogm=01;35:*.mp4=01;35:*.m4v=01;35:*.mp4v=01;35:*.vob=01;35:*.qt=01;35:*.nuv=01;35:*.wmv=01;35:*.asf=01;35:*.rm=01;35:*.rmvb=01;35:*.flc=01;35:*.avi=01;35:*.fli=01;35:*.flv=01;35:*.gl=01;35:*.dl=01;35:*.xcf=01;35:*.xwd=01;35:*.yuv=01;35:*.cgm=01;35:*.emf=01;35:*.axv=01;35:*.anx=01;35:*.ogv=01;35:*.ogx=01;35:*.aac=01;36:*.au=01;36:*.flac=01;36:*.mid=01;36:*.midi=01;36:*.mka=01;36:*.mp3=01;36:*.mpc=01;36:*.ogg=01;36:*.ra=01;36:*.wav=01;36:*.axa=01;36:*.oga=01;36:*.spx=01;36:*.xspf=01;36:
LD_LIBRARY_PATH=/usr/cad/synopsys/vcs/2024.09-sp2/lib:/usr/cad/synopsys/vcs/2024.09-sp2/linux64/lib:::::::::::/usr/cad/synopsys/verdi/cur/share/PLI/VCS/LINUX64::/lib64:/usr/lib64:/usr/local/lib64:/usr/cad/synopsys/verdi/2024.09-sp2/etc/lib/libstdc++/LINUX64/:/usr/cad/synopsys/verdi/2024.09-sp2/share/PLI/lib/LINUX64/:/usr/cad/synopsys/verdi/2024.09-sp2/share/PLI/VCS/LINUX64/::::/lib64:/usr/lib64:/usr/local/lib64:/lib64:/usr/lib64:/usr/local/lib64
VCS_INTERNAL_CONVERTEDLIBS=
SCRIPT_NAME=vcs
VCS_MX_HOME_INTERNAL=1
HOSTTYPE=x86_64-linux
SNPS_VCS_CLANG_PATH=/usr/cad/synopsys/vcs/2024.09-sp2/linux64/clang
CALIBRE_2025_2_ENABLE_DEPRECATED_RHEL7=6
OVA_UUM=0
VCS_MODE_FLAG=64
MAIL=/var/spool/mail/patata0717
PATH=.:/tools/Xilinx/Vitis_HLS/2020.2/bin:/tools/Xilinx/Model_Composer/2020.2/bin:/tools/Xilinx/Vivado/2020.2/bin:/usr/cad/mentor/calibre/aoj_cal_2024.4_12.9/bin:/usr/cad/mentor/Questa_Sim/2024.3/questasim/bin:/usr/cad/mentor/Questa_VIP/2024.3/bin:/usr/cad/synopsys/icc2/2024.09-sp2//bin:/usr/cad/synopsys/tmax/2024.09-sp2//vui/cur/bin:/usr/cad/synopsys/tmax/2024.09-sp2//vtran/cur/bin:/usr/cad/synopsys/tmax/2024.09-sp2//vgen/cur/bin:/usr/cad/synopsys/tmax/2024.09-sp2//vcap/cur/bin:/usr/cad/synopsys/tmax/2024.09-sp2//testmax/cur/bin:/usr/cad/synopsys/tmax/2024.09-sp2//idq/cur/linux64/iddq/bin:/usr/cad/synopsys/tmax/2024.09-sp2//dftview/cur/bin:/usr/cad/synopsys/tmax/2024.09-sp2//ale/cur/bin:/usr/cad/synopsys/tmax/2024.09-sp2//bin:/usr/cad/cadence/JASPER/jasper_2024.03p002/bin:/usr/cad/synopsys/spyglass/2024.09-sp2/SPYGLASS_HOME/bin:/usr/cad/synopsys/primetime/2024.09-sp2//amd64/syn/bin:/usr/cad/synopsys/primetime/2024.09-sp2//primeclosure/cur/amd64/syn/bin:/usr/cad/synopsys/formality/2024.09-sp2//amd64/fm/bin:/usr/cad/synopsys/vcs/2024.09-sp2/bin:/usr/cad/synopsys/vcs/2024.09-sp2/vcfca/bin:/usr/cad/synopsys/vcs/2024.09-sp2/amd64/bin:/usr/cad/synopsys/verdi/2024.09-sp2/bin:/usr/cad/synopsys/lc/2024.09-sp2/bin:/usr/cad/synopsys/synthesis/2024.09-sp2/amd64/syn/bin:/usr/cad/synopsys/lc/cur/bin:/opt/riscv/bin:/opt/automake-1.16.1/bin:/usr/lib64/qt-3.3/bin:/usr/local/bin:/usr/bin:/usr/local/sbin:/usr/sbin
SALT_LICENSE_FILE=1717@lshc
SNPS_VCS_INTERNAL_CURR_PID=26804
VERDI_HOME=/usr/cad/synopsys/verdi/2024.09-sp2
CALIBRE_HOME=/usr/cad/mentor/calibre/aoj_cal_2024.4_12.9
PWD=/home/patata0717/ic_contest/IC_contest/ASIC_flow/B_ICC2024_preliminary_grad_cell-based/ver2/sim
VCS_HOME=/usr/cad/synopsys/vcs/2024.09-sp2
SNPS_VCS_INTERNAL_MEMPRELOAD_USE_LIBC=1
SNPS_INTERNAL_VCS_LINUX_OS=linux
LANG=en_US.UTF-8
VMR_MODE_FLAG=64
SELINUX_LEVEL_REQUESTED=
XILINX_HLS=/tools/Xilinx/Vitis_HLS/2020.2
VCS_CC=gcc
LM_LICENSE_FILE=26585@lshc:5280@lshc:1717@lshc
SYNOPSYS=/usr/cad/synopsys/formality/cur
XILINX_VIVADO=/tools/Xilinx/Vivado/2020.2
HISTCONTROL=ignoredups
VCS_ARG_ADDED_FOR_TMP=1
SNPS_VCS_TMPDIR=/tmp/vcs_20250813020644_26804
RISCV=/opt/riscv
SHLVL=4
HOME=/home/patata0717
OSTYPE=linux
FORMALITY=/usr/cad/synopsys/formality/cur
MGC_HOME=/usr/cad/mentor/calibre/aoj_cal_2024.4_12.9
VCS_STATIC_HOME=/usr/cad/synopsys/vcs/2024.09-sp2/vcfca
CDN_SYNTH_ROOT=/usr/cad/cadence/GENUS/cur/tools
VCS_COM=/usr/cad/synopsys/vcs/2024.09-sp2/linux64/bin/vcs1
VENDOR=unknown
MGC_TMPDIR=/tmp
LOGNAME=patata0717
MACHTYPE=x86_64
SNPS_VCS_INTERNAL_MAKE=make
QTLIB=/usr/lib64/qt-3.3/lib
SNPS_VCS_INTERNAL_ROOT_START_TIME=1755050804.991570943
XDG_DATA_DIRS=/home/patata0717/.local/share/flatpak/exports/share:/var/lib/flatpak/exports/share:/usr/local/share:/usr/share
SSH_CONNECTION=140.116.226.70 52000 140.116.226.74 22
LESSOPEN=||/usr/bin/lesspipe.sh %s
SHLIB_PATH=/usr/cad/synopsys/verdi/2024.09-sp2/etc/lib/libstdc++/LINUX64/:/usr/cad/synopsys/verdi/2024.09-sp2/share/PLI/lib/LINUX64/:/usr/cad/synopsys/verdi/2024.09-sp2/share/PLI/VCS/LINUX64/:
sysc_uni_pwd=/home/patata0717/ic_contest/IC_contest/ASIC_flow/B_ICC2024_preliminary_grad_cell-based/ver2/sim
XDG_RUNTIME_DIR=/run/user/1005
DISPLAY=localhost:11.0
VCS_ARCH=linux64
SYN_MAN_DIR=/usr/cad/synopsys/vcs/2024.09-sp2/doc/man
TOOL_HOME=/usr/cad/synopsys/vcs/2024.09-sp2/linux64
_=./simv
OLDPWD=/home/patata0717/ic_contest/IC_contest/ASIC_flow/B_ICC2024_preliminary_grad_cell-based/ver2/sim/simv.daidir/debug_dump/fsearch
VCS_PATHMAP_PRELOAD_DONE=1
VCS_EXEC_DONE=1
DVE=/usr/cad/synopsys/vcs/2024.09-sp2/gui/dve
SPECMAN_OUTPUT_TO_TTY=1
FLEXLM_BORROWFILE=/home/patata0717/.vlsilab.es.ncku.edu.tw-borrow.txt
Runtime command line arguments:
argv[0]=simv
argv[1]=+v2k
242 profile - 100
          CPU/Mem usage: 0.020 sys,  0.120 user,  228.81M mem
243 Elapsed time:    0:00:01    Wed Aug 13 10:06:47 2025
244 User CPU time used: 0 seconds
245 System CPU time used: 0 seconds
246 pliAppInit
247 FSDB_GATE is set.
248 FSDB_RTL is set.
249 FSDB_DYNAMIC_ALIAS is enabled.
250 libnuma.so open fail. libnuma.so: cannot open shared object file: No such file or directory
251 FSDB NUMA optimize not available.
252 FSDB_PACKED_MODE is enabled.
253 FSDB_GATE_PACKED is enabled.
254 [SC]Init: MemoryConsumed=0.00MB ElapsedTime=0hour 0min. 0sec.
255 FSDB_REDUCE_VC_MEM is enabled.
256 FSDB_ALIAS_ARRAY_ELEM is set to 4294967295.
257 Enable Parallel Dumping.
258 pliAppMiscSet: New Sim Round
259 pliEntryInit
260 LIBSSCORE=found /usr/cad/synopsys/verdi/2024.09-sp2/share/PLI/lib/LINUXAMD64/libsscore_vcs202409.so through $NOVAS_HOME setting.
261 FSDB Dumper for VCS, Release Verdi_W-2024.09-SP2, Linux x86_64/64bit, 03/03/2025
262 (C) 1996 - 2025 by Synopsys, Inc.
263 sps_call_fsdbDumpfile_main at 0 : ./test_Bicubic.v(21)
264 argv[0]: (Bicubic_ver2.fsdb)
265 *Verdi* FSDB WARNING: The FSDB file already exists. Overwriting the FSDB file may crash the programs that are using this file.
266 *Verdi* : Create FSDB file 'Bicubic_ver2.fsdb'
267 [spi_vcs_vd_ppi_create_root]: no upf option
268 DUMPER_MEMORY_REDUCTION is enabled.
269 compile option from '/home/patata0717/ic_contest/IC_contest/ASIC_flow/B_ICC2024_preliminary_grad_cell-based/ver2/sim/simv.daidir/vcs_rebuild'.
270   "vcs '-f' 'hdl.f' '-full64' '-R' '-debug_access+all' '+v2k' 2>&1"
271 DVDI_is_vir_unload_enabled is enable
272 FSDB_VCS_ENABLE_NATIVE_VC is enable
273 FSDB_VCS_ENABLE_MEMORY_NATIVE_VC is enabled
274 spi_vcs_vd_vlog_vc_enable_vector_strength is skipped since VCS is not support.
275 sps_call_fsdbDumpvars_vd_main at 0 : ./test_Bicubic.v(22)
276 argv[0]: (+mda)
277 *Verdi* : Begin traversing the scopes, layer (0).
278 *Verdi* : Enable +mda dumping.
279 *Verdi* : End of traversing.
280 pliAppHDL_DumpVarComplete traverse var: profile - 
          CPU/Mem usage: 0.030 sys,  0.130 user,  328.38M mem
                   incr: 0.000 sys,  0.010 user,  9.70M mem
                   accu: 0.000 sys,  0.010 user,  9.70M mem
              accu incr: 0.000 sys,  0.010 user,  9.70M mem

          Count usage: 116 var,  46 idcode,  51 callback
                 incr: 116 var,  46 idcode,  51 callback
                 accu: 116 var,  46 idcode,  51 callback
            accu incr: 116 var,  46 idcode,  51 callback
281 Idcode  0 - bc1:0  mda:88
282 Elapsed time:    0:00:02    Wed Aug 13 10:06:48 2025
283 User CPU time used: 0 seconds
284 System CPU time used: 0 seconds
285 pliAppHDL_DumpVarComplete: profile - 
          CPU/Mem usage: 0.030 sys,  0.130 user,  328.38M mem
                   incr: 0.000 sys,  0.000 user,  0.00M mem
                   accu: 0.000 sys,  0.010 user,  9.70M mem
              accu incr: 0.000 sys,  0.000 user,  0.00M mem

          Count usage: 116 var,  46 idcode,  51 callback
                 incr: 0 var,  0 idcode,  0 callback
                 accu: 116 var,  46 idcode,  51 callback
            accu incr: 0 var,  0 idcode,  0 callback
286 Idcode  0 - bc1:0  mda:88
287 Elapsed time:    0:00:02    Wed Aug 13 10:06:48 2025
288 User CPU time used: 0 seconds
289 System CPU time used: 0 seconds
290 End of simulation at 27000
291 Memory usage: 328.380 M
292 Maximum resident set size: 76 MB
293 Hard page faults: 0
294 Soft page faults: 30515
295 Elapsed time:    0:00:02    Wed Aug 13 10:06:48 2025
296 User CPU time used: 0 seconds
297 System CPU time used: 0 seconds
298 Begin FSDB profile info:
299 FSDB Writer : bc1(62) bcn(1251) mtf/stf(0/0)
FSDB Writer elapsed time : flush(0.313382) io wait(0.000000) theadpool wait(0.000000)
FSDB Writer cpu time : MT Compression : 0
300 End FSDB profile info
301 FSDB closed. Name: Bicubic_ver2.fsdb Size: 12637
302 Parallel profile     - ProducerThread:1 ConsumerThread:1 Buffer:64MB
303                      - BlockUsed:1 Acquire:0 BufferUsed:16960
304                      - Flush:3 Expand:0 ProducerWait:0 ConsumerWait:0
305                      - MainProducerTime:0.183829823 TotalConsumerTime:0.000000000
306                      - ElapsedTime:1.581313000
307 Producer   0 profile - BlockUsed:2 Acquire:0 BufferUsed:16960
308 Consumer   0 profile - Affinity:-1 CPUTime:0.000000000 LifeTime:0.000000000 (-nan%)
309                      - BlockUsed:2 Acquire:0 BufferUsed:16960
310 SimExit
311 Elapsed time:    0:00:03    Wed Aug 13 10:06:49 2025
312 User CPU time used: 0 seconds
313 System CPU time used: 0 seconds
314 Sim process exit
