
################################################################################
#
# This file has been generated by SpyGlass:
#     Report Name      : moresimple
#     Report Created by: patata0717
#     Report Created on:  Fri Aug 22 16:39:59 2025
#     Working Directory: /home/patata0717/ic_contest/IC_contest/ASIC_flow/B_ICC2024_preliminary_grad_cell-based/ver4/hdl
#     SpyGlass Version : SpyGlass_vW-2024.09-SP2
#     Policy Name      : SpyGlass(SpyGlass_vW-2024.09-SP2)
#                        clock-reset(SpyGlass_vW-2024.09-SP2)
#                        erc(SpyGlass_vW-2024.09-SP2)
#                        latch(SpyGlass_vW-2024.09-SP2)
#                        lint(SpyGlass_vW-2024.09-SP2)
#                        morelint(SpyGlass_vW-2024.09-SP2)
#                        openmore(SpyGlass_vW-2024.09-SP2)
#                        power_est(SpyGlass_vW-2024.09-SP2)
#                        simulation(SpyGlass_vW-2024.09-SP2)
#                        starc(SpyGlass_vW-2024.09-SP2)
#                        starc2005(SpyGlass_vW-2024.09-SP2)
#
#     Total Number of Generated Messages :         21
#     Number of Waived Messages          :          0
#     Number of Reported Messages        :         21
#     Number of Overlimit Messages       :          0
#
#
################################################################################

+++++++++++++++++++++++++++++++++++++++++++++++++++++++++++++++++++++++
MORESIMPLE REPORT:


############### BuiltIn -> RuleGroup=Blackbox Resolution ###############
+++++++++++++++++++++++++++++++++++++++++++++++++++++++++++++++++++++++++++++++++++++++
ID       Rule                Alias               Severity    File         Line    Wt    Message
======================================================================================
[1A]     ErrorAnalyzeBBox    ErrorAnalyzeBBox    Error       Bicubic.v    117     10    Design Unit 'ImgROM' has no definition; black-box behavior assumed and module interface inferred
[1B]     ErrorAnalyzeBBox    ErrorAnalyzeBBox    Error       Bicubic.v    127     10    Design Unit 'ResultSRAM' has no definition; black-box behavior assumed and module interface inferred
+++++++++++++++++++++++++++++++++++++++++++++++++++++++++++++++++++++++++++++++++++++++


############### BuiltIn -> RuleGroup=Design Read ###############
+++++++++++++++++++++++++++++++++++++++++++++++++++++++++++++++++++++++++++++++++++++++
ID       Rule                    Alias                   Severity    File                                                                     Line    Wt    Message
======================================================================================
[1]      DetectTopDesignUnits    DetectTopDesignUnits    Info        Bicubic.v                                                                29      2     Module Bicubic is a top level design unit
[0]      ElabSummary             ElabSummary             Info        ./spyglass-1/lint/lint_rtl/spyglass_reports/SpyGlass/elab_summary.rpt    0       2     Please refer file './spyglass-1/lint/lint_rtl/spyglass_reports/SpyGlass/elab_summary.rpt' for elab summary report
[A]      InferBlackBox           inferblackbox           Info        N.A.                                                                     0       10    Interfaces for blackbox modules have been inferred. Please refer to AnalyzeBBox violations for more details
+++++++++++++++++++++++++++++++++++++++++++++++++++++++++++++++++++++++++++++++++++++++


############### Non-BuiltIn -> Goal=lint/lint_rtl ###############
+++++++++++++++++++++++++++++++++++++++++++++++++++++++++++++++++++++++++++++++++++++++
ID       Rule                 Alias                 Severity    File                                                                      Line    Wt    Message
======================================================================================
[15]     InferLatch           (OpenMORE 5.5.2.1)    Error       Bicubic.v                                                                 355     5     Latch inferred for signal 'mode_next' in module 'Bicubic'
[12]     InferLatch           (OpenMORE 5.5.2.1)    Error       Cubic_engine.v                                                            82      5     Latch inferred for signal 'X[0][7:0]' in module 'Cubic_engine'
[13]     InferLatch           (OpenMORE 5.5.2.1)    Error       Cubic_engine.v                                                            83      5     Latch inferred for signal 'X[1][7:0]' in module 'Cubic_engine'
[14]     InferLatch           (OpenMORE 5.5.2.1)    Error       Cubic_engine.v                                                            84      5     Latch inferred for signal 'X[2][7:0]' in module 'Cubic_engine'
[16]     UndrivenInTerm-ML                          Error       Bicubic.v                                                                 939     10    Detected undriven input terminal Bicubic.next_rem_h_next[6:0]
[2]      W123                                       Error       ./spyglass-1/lint/lint_rtl/spyglass_reports/lint/SignalUsageReport.rpt    0       10    Please refer to 'SignalUsageReport.rpt' for details of violating bits
[3]      W123                                       Error       Bicubic.v                                                                 939     10    Variable 'next_rem_h_next[6:0]' read but never set.[Hierarchy: ':Bicubic']
[17]     W415                                       Error       Cubic_engine.v                                                            82      10    Signal 'Bicubic.cubic_engine.X[0][7:0]' has multiple simultaneous drivers
[18]     W415                                       Error       Cubic_engine.v                                                            83      10    Signal 'Bicubic.cubic_engine.X[1][7:0]' has multiple simultaneous drivers
[19]     W415                                       Error       Cubic_engine.v                                                            84      10    Signal 'Bicubic.cubic_engine.X[2][7:0]' has multiple simultaneous drivers
[8]      NoAssignX-ML                               Warning     Bicubic.v                                                                 84      5     RHS of the assignment contains 'X'(Reason : Initialization with 'x' in net declaration)
[9]      NoAssignX-ML                               Warning     Bicubic.v                                                                 146     5     RHS of the assignment contains 'X'(Reason : Assigned with 'x' in assignment)
[4]      W362                                       Warning     Bicubic.v                                                                 255     10    For operator (==), left expression: "coord_h" width 7 should match right expression: "TW" width 6 [Hierarchy: ':Bicubic']
[6]      W528                                       Warning     Bicubic.v                                                                 913     10    Variable 'next_rem_h[6:0]' set but not read.[Hierarchy: ':Bicubic']
[1C]     W415                                       Info        ./spyglass-1/lint/lint_rtl/spyglass_reports/lint/W415_Report.rpt          0       10    Please refer 'W415_Report.rpt' for driver details
[5]      W528                                       Info        ./spyglass-1/lint/lint_rtl/spyglass_reports/lint/SignalUsageReport.rpt    0       10    Please refer to 'SignalUsageReport.rpt' for details of violating bits
+++++++++++++++++++++++++++++++++++++++++++++++++++++++++++++++++++++++++++++++++++++++

################################################################################
#
# This file has been generated by SpyGlass:
#     Report Name      : moresimple
#     Report Created by: patata0717
#     Report Created on: Fri Aug 22 16:40:05 2025
#     Working Directory: /home/patata0717/ic_contest/IC_contest/ASIC_flow/B_ICC2024_preliminary_grad_cell-based/ver4/hdl
#     SpyGlass Version : SpyGlass_vW-2024.09-SP2
#     Policy Name      : SpyGlass(SpyGlass_vW-2024.09-SP2)
#                        clock-reset(SpyGlass_vW-2024.09-SP2)
#                        erc(SpyGlass_vW-2024.09-SP2)
#                        latch(SpyGlass_vW-2024.09-SP2)
#                        lint(SpyGlass_vW-2024.09-SP2)
#                        morelint(SpyGlass_vW-2024.09-SP2)
#                        openmore(SpyGlass_vW-2024.09-SP2)
#                        power_est(SpyGlass_vW-2024.09-SP2)
#                        simulation(SpyGlass_vW-2024.09-SP2)
#                        starc(SpyGlass_vW-2024.09-SP2)
#                        starc2005(SpyGlass_vW-2024.09-SP2)
#
#     Total Number of Generated Primary Messages   :         20
#     Total Number of Generated Secondary Messages :          3
#     Number of Waived Primary Messages            :          0
#     Number of Waived Secondary Messages          :          0
#     Number of Reported Primary Messages          :         20
#     Number of Overlimit Messages                 :          0
#
#
################################################################################

++++++++++++++++++++++++++++++++++++++++++++++++++++++++++++++++++++++++++++++++++++++++++++++++++++++++++++++++
MORESIMPLE REPORT:


############### BuiltIn -> RuleGroup=Blackbox Resolution ###############
++++++++++++++++++++++++++++++++++++++++++++++++++++++++++++++++++++++++++++++++++++++++++++++++++++++++++++++++++++++++
ID       Rule                Alias               Severity    File         Line    Wt    Secondary Msg Count    Message
========================================================================================================================
[1E]     ErrorAnalyzeBBox    ErrorAnalyzeBBox    Error       Bicubic.v    117     10    NA                     Design Unit 'ImgROM' has no definition; black-box behavior assumed and module interface inferred
[1F]     ErrorAnalyzeBBox    ErrorAnalyzeBBox    Error       Bicubic.v    127     10    NA                     Design Unit 'ResultSRAM' has no definition; black-box behavior assumed and module interface inferred
+++++++++++++++++++++++++++++++++++++++++++++++++++++++++++++++++++++++++++++++++++++++++++++++++++++++++++++++++++++++


############### BuiltIn -> RuleGroup=Design Read ###############
++++++++++++++++++++++++++++++++++++++++++++++++++++++++++++++++++++++++++++++++++++++++++++++++++++++++++++++++++++++++
ID       Rule                    Alias                   Severity    File                                                                           Line    Wt    Secondary Msg Count    Message
========================================================================================================================
[2]      DetectTopDesignUnits    DetectTopDesignUnits    Info        Bicubic.v                                                                      29      2     NA                     Module Bicubic is a top level design unit
[1]      ElabSummary             ElabSummary             Info        ./spyglass-1/lint/lint_turbo_rtl/spyglass_reports/SpyGlass/elab_summary.rpt    0       2     NA                     Please refer file './spyglass-1/lint/lint_turbo_rtl/spyglass_reports/SpyGlass/elab_summary.rpt' for elab summary report
[C]      InferBlackBox           inferblackbox           Info        N.A.                                                                           0       10    NA                     Interfaces for blackbox modules have been inferred. Please refer to AnalyzeBBox violations for more details
[0]      TurboModeStatus         TurboModeStatus         Info        N.A.                                                                           0       10    NA                     Turbo-Mode is enabled in the current run as turbo_struct license feature successfully checked out
+++++++++++++++++++++++++++++++++++++++++++++++++++++++++++++++++++++++++++++++++++++++++++++++++++++++++++++++++++++++


############### Non-BuiltIn -> Goal=lint/lint_turbo_rtl ###############
++++++++++++++++++++++++++++++++++++++++++++++++++++++++++++++++++++++++++++++++++++++++++++++++++++++++++++++++++++++++
ID       Rule                 Alias                 Severity    File                                                                            Line    Wt    Secondary Msg Count    Message
========================================================================================================================
[14]     InferLatch           (OpenMORE 5.5.2.1)    Error       Bicubic.v                                                                       355     5     NA                     Latch inferred for signal 'mode_next' in module 'Bicubic'
[18]     InferLatch           (OpenMORE 5.5.2.1)    Error       Cubic_engine.v                                                                  84      5     3                      '3' latch(es) inferred for signal 'X[2][0]' in module 'Cubic_engine'
[19]     UndrivenInTerm-ML                          Error       Bicubic.v                                                                       939     10    NA                     Detected undriven input terminal Bicubic.next_rem_h_next[6:0]
[3]      W123                                       Error       ./spyglass-1/lint/lint_turbo_rtl/spyglass_reports/lint/SignalUsageReport.rpt    0       10    NA                     Please refer to 'SignalUsageReport.rpt' for details of violating bits
[4]      W123                                       Error       Bicubic.v                                                                       939     10    NA                     Variable 'next_rem_h_next[6:0]' read but never set.[Hierarchy: ':Bicubic']
[1B]     W415                                       Error       Cubic_engine.v                                                                  82      10    NA                     Signal 'Bicubic.cubic_engine.X[0][7:0]' has multiple simultaneous drivers
[1C]     W415                                       Error       Cubic_engine.v                                                                  83      10    NA                     Signal 'Bicubic.cubic_engine.X[1][7:0]' has multiple simultaneous drivers
[1D]     W415                                       Error       Cubic_engine.v                                                                  84      10    NA                     Signal 'Bicubic.cubic_engine.X[2][7:0]' has multiple simultaneous drivers
[8]      NoAssignX-ML                               Warning     Bicubic.v                                                                       84      5     NA                     RHS of the assignment contains 'X'(Reason : Initialization with 'x' in net declaration)
[A]      NoAssignX-ML                               Warning     Bicubic.v                                                                       146     5     NA                     RHS of the assignment contains 'X'(Reason : Assigned with 'x' in assignment)
[B]      W362                                       Warning     Bicubic.v                                                                       255     10    NA                     For operator (==), left expression: "coord_h" width 7 should match right expression: "TW" width 6 [Hierarchy: ':Bicubic']
[6]      W528                                       Warning     Bicubic.v                                                                       913     10    NA                     Variable 'next_rem_h[6:0]' set but not read.[Hierarchy: ':Bicubic']
[20]     W415                                       Info        ./spyglass-1/lint/lint_turbo_rtl/spyglass_reports/lint/W415_Report.rpt          0       10    NA                     Please refer 'W415_Report.rpt' for driver details
[5]      W528                                       Info        ./spyglass-1/lint/lint_turbo_rtl/spyglass_reports/lint/SignalUsageReport.rpt    0       10    NA                     Please refer to 'SignalUsageReport.rpt' for details of violating bits
+++++++++++++++++++++++++++++++++++++++++++++++++++++++++++++++++++++++++++++++++++++++++++++++++++++++++++++++++++++++

################################################################################
#
# This file has been generated by SpyGlass:
#     Report Name      : moresimple
#     Report Created by: patata0717
#     Report Created on:  Fri Aug 22 16:40:08 2025
#     Working Directory: /home/patata0717/ic_contest/IC_contest/ASIC_flow/B_ICC2024_preliminary_grad_cell-based/ver4/hdl
#     SpyGlass Version : SpyGlass_vW-2024.09-SP2
#     Policy Name      : SpyGlass(SpyGlass_vW-2024.09-SP2)
#                        auto-verify(SpyGlass_vW-2024.09-SP2)
#
#     Total Number of Generated Messages :          7
#     Number of Waived Messages          :          0
#     Number of Reported Messages        :          7
#     Number of Overlimit Messages       :          0
#
#
################################################################################

+++++++++++++++++++++++++++++++++++++++++++++++++++++++++++++++++++++++
MORESIMPLE REPORT:
############### FATAL MESSAGES ############### 
+++++++++++++++++++++++++++++++++++++++++++++++++++++++++++++++++++++++++++++++++
ID       Rule         Alias    Severity    File         Line    Wt    Message
======================================================================================
[4]      Av_init01             Fatal       Bicubic.v    29      10    Could not find clocks for all the flops. Please add clock SGDC constraint to the design
+++++++++++++++++++++++++++++++++++++++++++++++++++++++++++++++++++++++++++++++++++++++


############### BuiltIn -> RuleGroup=Blackbox Resolution ###############
+++++++++++++++++++++++++++++++++++++++++++++++++++++++++++++++++++++++++++++++++++++++
ID       Rule                Alias               Severity    File         Line    Wt    Message
======================================================================================
[5]      ErrorAnalyzeBBox    ErrorAnalyzeBBox    Error       Bicubic.v    117     10    Design Unit 'ImgROM' has no definition; black-box behavior assumed and module interface inferred
[6]      ErrorAnalyzeBBox    ErrorAnalyzeBBox    Error       Bicubic.v    127     10    Design Unit 'ResultSRAM' has no definition; black-box behavior assumed and module interface inferred
+++++++++++++++++++++++++++++++++++++++++++++++++++++++++++++++++++++++++++++++++++++++


############### BuiltIn -> RuleGroup=Command-line read ###############
+++++++++++++++++++++++++++++++++++++++++++++++++++++++++++++++++++++++++++++++++++++++
ID       Rule                     Alias          Severity    File    Line    Wt    Message
======================================================================================
[0]      checkCMD_unset_option    UnsetOption    Warning     N.A.    0       10    Option/Parameter 'enable_save_restore': Feature 'save-restore' is not supported with option 'policy=auto-verify'.Disabling all 'save-restore' related options
+++++++++++++++++++++++++++++++++++++++++++++++++++++++++++++++++++++++++++++++++++++++


############### BuiltIn -> RuleGroup=Design Read ###############
+++++++++++++++++++++++++++++++++++++++++++++++++++++++++++++++++++++++++++++++++++++++
ID       Rule                    Alias                   Severity    File                                                                                Line    Wt    Message
======================================================================================
[2]      DetectTopDesignUnits    DetectTopDesignUnits    Info        Bicubic.v                                                                           29      2     Module Bicubic is a top level design unit
[1]      ElabSummary             ElabSummary             Info        ./spyglass-1/lint/lint_functional_rtl/spyglass_reports/SpyGlass/elab_summary.rpt    0       2     Please refer file './spyglass-1/lint/lint_functional_rtl/spyglass_reports/SpyGlass/elab_summary.rpt' for elab summary report
[3]      InferBlackBox           inferblackbox           Info        N.A.                                                                                0       10    Interfaces for blackbox modules have been inferred. Please refer to AnalyzeBBox violations for more details
+++++++++++++++++++++++++++++++++++++++++++++++++++++++++++++++++++++++++++++++++++++++

################################################################################
#
# This file has been generated by SpyGlass:
#     Report Name      : moresimple
#     Report Created by: patata0717
#     Report Created on:  Fri Aug 22 16:40:13 2025
#     Working Directory: /home/patata0717/ic_contest/IC_contest/ASIC_flow/B_ICC2024_preliminary_grad_cell-based/ver4/hdl
#     SpyGlass Version : SpyGlass_vW-2024.09-SP2
#     Policy Name      : SpyGlass(SpyGlass_vW-2024.09-SP2)
#                        clock-reset(SpyGlass_vW-2024.09-SP2)
#                        lint(SpyGlass_vW-2024.09-SP2)
#                        morelint(SpyGlass_vW-2024.09-SP2)
#                        power_est(SpyGlass_vW-2024.09-SP2)
#
#     Total Number of Generated Messages :          6
#     Number of Waived Messages          :          0
#     Number of Reported Messages        :          6
#     Number of Overlimit Messages       :          0
#
#
################################################################################

+++++++++++++++++++++++++++++++++++++++++++++++++++++++++++++++++++++++
MORESIMPLE REPORT:


############### BuiltIn -> RuleGroup=Blackbox Resolution ###############
+++++++++++++++++++++++++++++++++++++++++++++++++++++++++++++++++++++++++++++++++++++++
ID       Rule                Alias               Severity    File         Line    Wt    Message
======================================================================================
[4]      ErrorAnalyzeBBox    ErrorAnalyzeBBox    Error       Bicubic.v    117     10    Design Unit 'ImgROM' has no definition; black-box behavior assumed and module interface inferred
[5]      ErrorAnalyzeBBox    ErrorAnalyzeBBox    Error       Bicubic.v    127     10    Design Unit 'ResultSRAM' has no definition; black-box behavior assumed and module interface inferred
+++++++++++++++++++++++++++++++++++++++++++++++++++++++++++++++++++++++++++++++++++++++


############### BuiltIn -> RuleGroup=Design Read ###############
+++++++++++++++++++++++++++++++++++++++++++++++++++++++++++++++++++++++++++++++++++++++
ID       Rule                    Alias                   Severity    File                                                                          Line    Wt    Message
======================================================================================
[1]      DetectTopDesignUnits    DetectTopDesignUnits    Info        Bicubic.v                                                                     29      2     Module Bicubic is a top level design unit
[0]      ElabSummary             ElabSummary             Info        ./spyglass-1/lint/lint_abstract/spyglass_reports/SpyGlass/elab_summary.rpt    0       2     Please refer file './spyglass-1/lint/lint_abstract/spyglass_reports/SpyGlass/elab_summary.rpt' for elab summary report
[2]      InferBlackBox           inferblackbox           Info        N.A.                                                                          0       10    Interfaces for blackbox modules have been inferred. Please refer to AnalyzeBBox violations for more details
+++++++++++++++++++++++++++++++++++++++++++++++++++++++++++++++++++++++++++++++++++++++


############### Non-BuiltIn -> Goal=lint/lint_abstract ###############
+++++++++++++++++++++++++++++++++++++++++++++++++++++++++++++++++++++++++++++++++++++++
ID       Rule               Alias    Severity    File                                                                                                 Line    Wt    Message
======================================================================================
[3]      LINT_abstract01             Info        ./spyglass-1/lint/lint_abstract/spyglass_reports/abstract_view/Bicubic_CYCLE_8_lint_abstract.sgdc    0       2     Abstract view for design 'Bicubic' succesfully created
+++++++++++++++++++++++++++++++++++++++++++++++++++++++++++++++++++++++++++++++++++++++
