
################################################################################
#
# This file has been generated by SpyGlass:
#     Report Name      : W415_Report
#     Report Created by: patata0717
#     Report Created on:  Fri Aug 22 16:39:59 2025
#     Working Directory: /home/patata0717/ic_contest/IC_contest/ASIC_flow/B_ICC2024_preliminary_grad_cell-based/ver4/hdl
#     SpyGlass Version : SpyGlass_vW-2024.09-SP2
#     Policy Name      : lint(SpyGlass_vW-2024.09-SP2)
#     Comment          : W415_Report Detail Message Report
#
################################################################################
W415 Report : Multiple Drivers Detail Report


=========================W415 Multiple Drivers Detail Report======================================

SNO     FILE                      LINE            Message                                           

==================================================================================================
23      Cubic_engine.v            82             Signal 'Bicubic.cubic_engine.X[0][7:0]' has multiple simultaneous drivers
                                                 Drivers:
                                                 Bicubic.cubic_engine.\X_reg[0][0]_1 .Q (File: Cubic_engine.v Line: 150)
                                                 Bicubic.cubic_engine.\X_reg[0][0] .Q (File: Cubic_engine.v Line: 82)

24      Cubic_engine.v            83             Signal 'Bicubic.cubic_engine.X[1][7:0]' has multiple simultaneous drivers
                                                 Drivers:
                                                 Bicubic.cubic_engine.\X_reg[1][0]_1 .Q (File: Cubic_engine.v Line: 150)
                                                 Bicubic.cubic_engine.\X_reg[1][0] .Q (File: Cubic_engine.v Line: 83)

25      Cubic_engine.v            84             Signal 'Bicubic.cubic_engine.X[2][7:0]' has multiple simultaneous drivers
                                                 Drivers:
                                                 Bicubic.cubic_engine.\X_reg[2][0]_1 .Q (File: Cubic_engine.v Line: 150)
                                                 Bicubic.cubic_engine.\X_reg[2][0] .Q (File: Cubic_engine.v Line: 84)

