Warning: Design 'Bicubic' has '1' unresolved references. For more detailed information, use the "link" command. (UID-341)
 
****************************************
Report : area
Design : Bicubic
Version: W-2024.09-SP2
Date   : Fri Aug 22 16:49:02 2025
****************************************

Library(s) Used:

    slow (File: /cad/CBDK/CBDK_IC_Contest_v2.5/SynopsysDC/db/slow.db)

Number of ports:                           39
Number of nets:                          1352
Number of cells:                         1287
Number of combinational cells:           1204
Number of sequential cells:                82
Number of macros/black boxes:               0
Number of buf/inv:                        234
Number of references:                     105

Combinational area:              10089.345520
Buf/Inv area:                      928.477785
Noncombinational area:            2072.525427
Macro/Black Box area:                0.000000
Net Interconnect area:          139207.365204

Total cell area:                 12161.870947
Total area:                     151369.236151

Information: This design contains black box (unknown) components. (RPT-8)
1
