
################################################################################
#
# This file has been generated by SpyGlass:
#     Report Name      : no_msg_reporting_rules
#     Report Created by: patata0717
#     Report Created on:  Sat Aug 23 22:23:34 2025
#     Working Directory: /home/patata0717/ic_contest/IC_contest/ASIC_flow/B_ICC2024_preliminary_grad_cell-based/ver5/hdl
#     SpyGlass Version : SpyGlass_vW-2024.09-SP2
#     Policy Name      : SpyGlass(SpyGlass_vW-2024.09-SP2)
#                        clock-reset(SpyGlass_vW-2024.09-SP2)
#                        lint(SpyGlass_vW-2024.09-SP2)
#                        morelint(SpyGlass_vW-2024.09-SP2)
#                        power_est(SpyGlass_vW-2024.09-SP2)
#
#     Total Number of Generated Messages :         19
#     Number of Waived Messages          :          0
#     Number of Reported Messages        :         19
#     Number of Overlimit Messages       :          0
#
#
################################################################################

NO VIOLATION RULE REPORT :
++++++++++++++++++++++++++++++++++++++++++++++++++++++++++++++++++++++++++++++++

There are no rules which produce zero violation or completely waived off during spyglass run.

++++++++++++++++++++++++++++++++++++++++++++++++++++++++++++++++++++++++++++++++
