
################################################################################
#
# This file has been generated by SpyGlass:
#     Report Name      : moresimple
#     Report Created by: patata0717
#     Report Created on:  Sat Aug 23 22:23:30 2025
#     Working Directory: /home/patata0717/ic_contest/IC_contest/ASIC_flow/B_ICC2024_preliminary_grad_cell-based/ver5/hdl
#     SpyGlass Version : SpyGlass_vW-2024.09-SP2
#     Policy Name      : SpyGlass(SpyGlass_vW-2024.09-SP2)
#                        auto-verify(SpyGlass_vW-2024.09-SP2)
#
#     Total Number of Generated Messages :         20
#     Number of Waived Messages          :          0
#     Number of Reported Messages        :         20
#     Number of Overlimit Messages       :          0
#
#
################################################################################

+++++++++++++++++++++++++++++++++++++++++++++++++++++++++++++++++++++++
MORESIMPLE REPORT:
############### FATAL MESSAGES ############### 
+++++++++++++++++++++++++++++++++++++++++++++++++++++++++++++++++++++++++++++++++
ID       Rule         Alias    Severity    File              Line    Wt    Message
======================================================================================
[13]     Av_init01             Fatal       Cubic_engine.v    3       10    Could not find clocks for all the flops. Please add clock SGDC constraint to the design
+++++++++++++++++++++++++++++++++++++++++++++++++++++++++++++++++++++++++++++++++++++++


############### BuiltIn -> RuleGroup=Command-line read ###############
+++++++++++++++++++++++++++++++++++++++++++++++++++++++++++++++++++++++++++++++++++++++
ID       Rule                     Alias          Severity    File    Line    Wt    Message
======================================================================================
[0]      checkCMD_unset_option    UnsetOption    Warning     N.A.    0       10    Option/Parameter 'enable_save_restore': Feature 'save-restore' is not supported with option 'policy=auto-verify'.Disabling all 'save-restore' related options
+++++++++++++++++++++++++++++++++++++++++++++++++++++++++++++++++++++++++++++++++++++++


############### BuiltIn -> RuleGroup=Design Read ###############
+++++++++++++++++++++++++++++++++++++++++++++++++++++++++++++++++++++++++++++++++++++++
ID       Rule                    Alias                   Severity    File                                                                                Line    Wt      Message
======================================================================================
[12]     DetectTopDesignUnits    DetectTopDesignUnits    Info        Cubic_engine.v                                                                      3       2       Module Cubic_engine is a top level design unit
[1]      WRN_1024                WRN_1024                Warning     Cubic_engine.v                                                                      46      1000    signed argument 'C_col0_ROM[0]' passed to $signed system function call
[2]      WRN_1024                WRN_1024                Warning     Cubic_engine.v                                                                      47      1000    signed argument 'C_col0_ROM[1]' passed to $signed system function call
[3]      WRN_1024                WRN_1024                Warning     Cubic_engine.v                                                                      48      1000    signed argument 'C_col0_ROM[2]' passed to $signed system function call
[4]      WRN_1024                WRN_1024                Warning     Cubic_engine.v                                                                      49      1000    signed argument 'C_col0_ROM[3]' passed to $signed system function call
[5]      WRN_1024                WRN_1024                Warning     Cubic_engine.v                                                                      55      1000    signed argument 'C_col1_ROM[0]' passed to $signed system function call
[6]      WRN_1024                WRN_1024                Warning     Cubic_engine.v                                                                      56      1000    signed argument 'C_col1_ROM[1]' passed to $signed system function call
[7]      WRN_1024                WRN_1024                Warning     Cubic_engine.v                                                                      57      1000    signed argument 'C_col1_ROM[2]' passed to $signed system function call
[8]      WRN_1024                WRN_1024                Warning     Cubic_engine.v                                                                      58      1000    signed argument 'C_col1_ROM[3]' passed to $signed system function call
[9]      WRN_1024                WRN_1024                Warning     Cubic_engine.v                                                                      64      1000    signed argument 'C_col2_ROM[0]' passed to $signed system function call
[A]      WRN_1024                WRN_1024                Warning     Cubic_engine.v                                                                      65      1000    signed argument 'C_col2_ROM[1]' passed to $signed system function call
[B]      WRN_1024                WRN_1024                Warning     Cubic_engine.v                                                                      66      1000    signed argument 'C_col2_ROM[2]' passed to $signed system function call
[C]      WRN_1024                WRN_1024                Warning     Cubic_engine.v                                                                      67      1000    signed argument 'C_col2_ROM[3]' passed to $signed system function call
[D]      WRN_1024                WRN_1024                Warning     Cubic_engine.v                                                                      73      1000    signed argument 'C_col3_ROM[0]' passed to $signed system function call
[E]      WRN_1024                WRN_1024                Warning     Cubic_engine.v                                                                      74      1000    signed argument 'C_col3_ROM[1]' passed to $signed system function call
[F]      WRN_1024                WRN_1024                Warning     Cubic_engine.v                                                                      75      1000    signed argument 'C_col3_ROM[2]' passed to $signed system function call
[10]     WRN_1024                WRN_1024                Warning     Cubic_engine.v                                                                      76      1000    signed argument 'C_col3_ROM[3]' passed to $signed system function call
[11]     ElabSummary             ElabSummary             Info        ./spyglass-1/lint/lint_functional_rtl/spyglass_reports/SpyGlass/elab_summary.rpt    0       2       Please refer file './spyglass-1/lint/lint_functional_rtl/spyglass_reports/SpyGlass/elab_summary.rpt' for elab summary report
+++++++++++++++++++++++++++++++++++++++++++++++++++++++++++++++++++++++++++++++++++++++
