################################################################################
#
# This file has been generated by SpyGlass:
#     Report Created by: patata0717
#     Report Created on: Fri Aug 22 16:40:06 2025
#     Working Directory: /home/patata0717/ic_contest/IC_contest/ASIC_flow/B_ICC2024_preliminary_grad_cell-based/ver4/hdl
#     Report Location  : ./spyglass-1/lint/lint_turbo_rtl/spyglass_reports/SpyGlass/checksum.rpt
#     SpyGlass Version : SpyGlass_vW-2024.09-SP2
#     Policy Name      : SpyGlass(SpyGlass_vW-2024.09-SP2)
#     Comment          : This report contains md5sum of design file(s)
#
################################################################################

=====================================================================================
                         MD5SUM CHECKSUM OF DESIGN FILES 
=====================================================================================
MD5SUM CHECKSUM                   SOURCE              PATH OF DESIGN FILE       
-------------------------------------------------------------------------------------
9502e13f708de5371936a4f75841b6da  1      /home/patata0717/ic_contest/IC_contest/ASIC_flow/B_ICC2024_preliminary_grad_cell-based/ver4/hdl/Cubic_engine.v  
68c7a163451ae47f2cc754e69a398e19  1      /home/patata0717/ic_contest/IC_contest/ASIC_flow/B_ICC2024_preliminary_grad_cell-based/ver4/hdl/Bicubic.v  
1e56f84d03376cffd3e36e4981bc72d2  1      /home/patata0717/ic_contest/IC_contest/ASIC_flow/B_ICC2024_preliminary_grad_cell-based/ver4/hdl/SnS_divider.v  
