################################################################################
#
# This file has been generated by SpyGlass:
#     Report Created by: patata0717
#     Report Created on: Fri Aug 22 16:40:05 2025
#     Working Directory: /home/patata0717/ic_contest/IC_contest/ASIC_flow/B_ICC2024_preliminary_grad_cell-based/ver4/hdl
#     Report Location  : ./spyglass-1/lint/lint_turbo_rtl/spyglass_reports/SpyGlass/elab_summary.rpt
#     SpyGlass Version : SpyGlass_vW-2024.09-SP2
#     Policy Name      : SpyGlass(SpyGlass_vW-2024.09-SP2)
#     Comment          : This report contains RTL and Elaborated names along with parameter values
#
################################################################################

================================================================================
Elaborated Name: 'Cubic_engine'
    (RTL Design Unit name: 'Cubic_engine', Cubic_engine.v:7)
     Parameters (Total: 0)
     Instances (Total: 1): Bicubic.cubic_engine 

================================================================================

Elaborated Name: 'SnS_divider'
    (RTL Design Unit name: 'SnS_divider', SnS_divider.v:6)
     Parameters (Total: 1)
         CYCLE = 8 (default: 8)
     Instances (Total: 1): Bicubic.sns_divider 

================================================================================

Elaborated Name: 'ImgROM'
    (RTL Design Unit name: 'ImgROM', N.A.:0)
     Parameters (Total: 0)
     Instances (Total: 1): Bicubic.u_ImgROM 

================================================================================

Elaborated Name: 'ResultSRAM'
    (RTL Design Unit name: 'ResultSRAM', N.A.:0)
     Parameters (Total: 0)
     Instances (Total: 1): Bicubic.u_ResultSRAM 

================================================================================

Elaborated Name: 'Bicubic'
    (RTL Design Unit name: 'Bicubic', Bicubic.v:29)
     Parameters (Total: 1)
         CYCLE = 8 (default: 8)
================================================================================
