
################################################################################
#
# This file has been generated by SpyGlass:
#     Report Name      : moresimple
#     Report Created by: patata0717
#     Report Created on: Fri Aug 22 16:40:05 2025
#     Working Directory: /home/patata0717/ic_contest/IC_contest/ASIC_flow/B_ICC2024_preliminary_grad_cell-based/ver4/hdl
#     SpyGlass Version : SpyGlass_vW-2024.09-SP2
#     Policy Name      : SpyGlass(SpyGlass_vW-2024.09-SP2)
#                        clock-reset(SpyGlass_vW-2024.09-SP2)
#                        erc(SpyGlass_vW-2024.09-SP2)
#                        latch(SpyGlass_vW-2024.09-SP2)
#                        lint(SpyGlass_vW-2024.09-SP2)
#                        morelint(SpyGlass_vW-2024.09-SP2)
#                        openmore(SpyGlass_vW-2024.09-SP2)
#                        power_est(SpyGlass_vW-2024.09-SP2)
#                        simulation(SpyGlass_vW-2024.09-SP2)
#                        starc(SpyGlass_vW-2024.09-SP2)
#                        starc2005(SpyGlass_vW-2024.09-SP2)
#
#     Total Number of Generated Primary Messages   :         20
#     Total Number of Generated Secondary Messages :          3
#     Number of Waived Primary Messages            :          0
#     Number of Waived Secondary Messages          :          0
#     Number of Reported Primary Messages          :         20
#     Number of Overlimit Messages                 :          0
#
#
################################################################################

++++++++++++++++++++++++++++++++++++++++++++++++++++++++++++++++++++++++++++++++++++++++++++++++++++++++++++++++
MORESIMPLE REPORT:


############### BuiltIn -> RuleGroup=Blackbox Resolution ###############
++++++++++++++++++++++++++++++++++++++++++++++++++++++++++++++++++++++++++++++++++++++++++++++++++++++++++++++++++++++++
ID       Rule                Alias               Severity    File         Line    Wt    Secondary Msg Count    Message
========================================================================================================================
[1E]     ErrorAnalyzeBBox    ErrorAnalyzeBBox    Error       Bicubic.v    117     10    NA                     Design Unit 'ImgROM' has no definition; black-box behavior assumed and module interface inferred
[1F]     ErrorAnalyzeBBox    ErrorAnalyzeBBox    Error       Bicubic.v    127     10    NA                     Design Unit 'ResultSRAM' has no definition; black-box behavior assumed and module interface inferred
+++++++++++++++++++++++++++++++++++++++++++++++++++++++++++++++++++++++++++++++++++++++++++++++++++++++++++++++++++++++


############### BuiltIn -> RuleGroup=Design Read ###############
++++++++++++++++++++++++++++++++++++++++++++++++++++++++++++++++++++++++++++++++++++++++++++++++++++++++++++++++++++++++
ID       Rule                    Alias                   Severity    File                                                                           Line    Wt    Secondary Msg Count    Message
========================================================================================================================
[2]      DetectTopDesignUnits    DetectTopDesignUnits    Info        Bicubic.v                                                                      29      2     NA                     Module Bicubic is a top level design unit
[1]      ElabSummary             ElabSummary             Info        ./spyglass-1/lint/lint_turbo_rtl/spyglass_reports/SpyGlass/elab_summary.rpt    0       2     NA                     Please refer file './spyglass-1/lint/lint_turbo_rtl/spyglass_reports/SpyGlass/elab_summary.rpt' for elab summary report
[C]      InferBlackBox           inferblackbox           Info        N.A.                                                                           0       10    NA                     Interfaces for blackbox modules have been inferred. Please refer to AnalyzeBBox violations for more details
[0]      TurboModeStatus         TurboModeStatus         Info        N.A.                                                                           0       10    NA                     Turbo-Mode is enabled in the current run as turbo_struct license feature successfully checked out
+++++++++++++++++++++++++++++++++++++++++++++++++++++++++++++++++++++++++++++++++++++++++++++++++++++++++++++++++++++++


############### Non-BuiltIn -> Goal=lint/lint_turbo_rtl ###############
++++++++++++++++++++++++++++++++++++++++++++++++++++++++++++++++++++++++++++++++++++++++++++++++++++++++++++++++++++++++
ID       Rule                 Alias                 Severity    File                                                                            Line    Wt    Secondary Msg Count    Message
========================================================================================================================
[14]     InferLatch           (OpenMORE 5.5.2.1)    Error       Bicubic.v                                                                       355     5     NA                     Latch inferred for signal 'mode_next' in module 'Bicubic'
[18]     InferLatch           (OpenMORE 5.5.2.1)    Error       Cubic_engine.v                                                                  84      5     3                      '3' latch(es) inferred for signal 'X[2][0]' in module 'Cubic_engine'
[19]     UndrivenInTerm-ML                          Error       Bicubic.v                                                                       939     10    NA                     Detected undriven input terminal Bicubic.next_rem_h_next[6:0]
[3]      W123                                       Error       ./spyglass-1/lint/lint_turbo_rtl/spyglass_reports/lint/SignalUsageReport.rpt    0       10    NA                     Please refer to 'SignalUsageReport.rpt' for details of violating bits
[4]      W123                                       Error       Bicubic.v                                                                       939     10    NA                     Variable 'next_rem_h_next[6:0]' read but never set.[Hierarchy: ':Bicubic']
[1B]     W415                                       Error       Cubic_engine.v                                                                  82      10    NA                     Signal 'Bicubic.cubic_engine.X[0][7:0]' has multiple simultaneous drivers
[1C]     W415                                       Error       Cubic_engine.v                                                                  83      10    NA                     Signal 'Bicubic.cubic_engine.X[1][7:0]' has multiple simultaneous drivers
[1D]     W415                                       Error       Cubic_engine.v                                                                  84      10    NA                     Signal 'Bicubic.cubic_engine.X[2][7:0]' has multiple simultaneous drivers
[8]      NoAssignX-ML                               Warning     Bicubic.v                                                                       84      5     NA                     RHS of the assignment contains 'X'(Reason : Initialization with 'x' in net declaration)
[A]      NoAssignX-ML                               Warning     Bicubic.v                                                                       146     5     NA                     RHS of the assignment contains 'X'(Reason : Assigned with 'x' in assignment)
[B]      W362                                       Warning     Bicubic.v                                                                       255     10    NA                     For operator (==), left expression: "coord_h" width 7 should match right expression: "TW" width 6 [Hierarchy: ':Bicubic']
[6]      W528                                       Warning     Bicubic.v                                                                       913     10    NA                     Variable 'next_rem_h[6:0]' set but not read.[Hierarchy: ':Bicubic']
[20]     W415                                       Info        ./spyglass-1/lint/lint_turbo_rtl/spyglass_reports/lint/W415_Report.rpt          0       10    NA                     Please refer 'W415_Report.rpt' for driver details
[5]      W528                                       Info        ./spyglass-1/lint/lint_turbo_rtl/spyglass_reports/lint/SignalUsageReport.rpt    0       10    NA                     Please refer to 'SignalUsageReport.rpt' for details of violating bits
+++++++++++++++++++++++++++++++++++++++++++++++++++++++++++++++++++++++++++++++++++++++++++++++++++++++++++++++++++++++
