
################################################################################
#
# This file has been generated by SpyGlass:
#     Report Name      : moresimple
#     Report Created by: patata0717
#     Report Created on:  Fri Aug 22 16:40:13 2025
#     Working Directory: /home/patata0717/ic_contest/IC_contest/ASIC_flow/B_ICC2024_preliminary_grad_cell-based/ver4/hdl
#     SpyGlass Version : SpyGlass_vW-2024.09-SP2
#     Policy Name      : SpyGlass(SpyGlass_vW-2024.09-SP2)
#                        clock-reset(SpyGlass_vW-2024.09-SP2)
#                        lint(SpyGlass_vW-2024.09-SP2)
#                        morelint(SpyGlass_vW-2024.09-SP2)
#                        power_est(SpyGlass_vW-2024.09-SP2)
#
#     Total Number of Generated Messages :          6
#     Number of Waived Messages          :          0
#     Number of Reported Messages        :          6
#     Number of Overlimit Messages       :          0
#
#
################################################################################

+++++++++++++++++++++++++++++++++++++++++++++++++++++++++++++++++++++++
MORESIMPLE REPORT:


############### BuiltIn -> RuleGroup=Blackbox Resolution ###############
+++++++++++++++++++++++++++++++++++++++++++++++++++++++++++++++++++++++++++++++++++++++
ID       Rule                Alias               Severity    File         Line    Wt    Message
======================================================================================
[4]      ErrorAnalyzeBBox    ErrorAnalyzeBBox    Error       Bicubic.v    117     10    Design Unit 'ImgROM' has no definition; black-box behavior assumed and module interface inferred
[5]      ErrorAnalyzeBBox    ErrorAnalyzeBBox    Error       Bicubic.v    127     10    Design Unit 'ResultSRAM' has no definition; black-box behavior assumed and module interface inferred
+++++++++++++++++++++++++++++++++++++++++++++++++++++++++++++++++++++++++++++++++++++++


############### BuiltIn -> RuleGroup=Design Read ###############
+++++++++++++++++++++++++++++++++++++++++++++++++++++++++++++++++++++++++++++++++++++++
ID       Rule                    Alias                   Severity    File                                                                          Line    Wt    Message
======================================================================================
[1]      DetectTopDesignUnits    DetectTopDesignUnits    Info        Bicubic.v                                                                     29      2     Module Bicubic is a top level design unit
[0]      ElabSummary             ElabSummary             Info        ./spyglass-1/lint/lint_abstract/spyglass_reports/SpyGlass/elab_summary.rpt    0       2     Please refer file './spyglass-1/lint/lint_abstract/spyglass_reports/SpyGlass/elab_summary.rpt' for elab summary report
[2]      InferBlackBox           inferblackbox           Info        N.A.                                                                          0       10    Interfaces for blackbox modules have been inferred. Please refer to AnalyzeBBox violations for more details
+++++++++++++++++++++++++++++++++++++++++++++++++++++++++++++++++++++++++++++++++++++++


############### Non-BuiltIn -> Goal=lint/lint_abstract ###############
+++++++++++++++++++++++++++++++++++++++++++++++++++++++++++++++++++++++++++++++++++++++
ID       Rule               Alias    Severity    File                                                                                                 Line    Wt    Message
======================================================================================
[3]      LINT_abstract01             Info        ./spyglass-1/lint/lint_abstract/spyglass_reports/abstract_view/Bicubic_CYCLE_8_lint_abstract.sgdc    0       2     Abstract view for design 'Bicubic' succesfully created
+++++++++++++++++++++++++++++++++++++++++++++++++++++++++++++++++++++++++++++++++++++++
